<?xml version="1.0" encoding="UTF-8"?>
<!-- Generated by org.testng.reporters.JUnitReportReporter -->
<testsuite skipped="0" hostname="DESKTOP-14MVNNC" name="com.runner.TestRunner" tests="1" failures="0" timestamp="18 Mar 2022 16:50:10 GMT" time="0.132" errors="1">
  <testcase name="setUpClass" time="0.132" classname="com.runner.TestRunner">
    <error type="java.lang.IllegalArgumentException" message="Couldn&#039;t create a file output stream for &#039;target&#039;.
Make sure the the file isn&#039;t a directory.

Note: This usually happens when plugins write to colliding paths.
For example: &#039;json:target/cucumber/report.json, html:target/cucumber&#039;
You can fix this by making the paths do no collide.
For example: &#039;json:target/cucumber/report.json, html:target/cucumber/report.html&#039;
The details are in the stack trace below:">
      <![CDATA[java.lang.IllegalArgumentException: Couldn't create a file output stream for 'target'.Make sure the the file isn't a directory.Note: This usually happens when plugins write to colliding paths.For example: 'json:target/cucumber/report.json, html:target/cucumber'You can fix this by making the paths do no collide.For example: 'json:target/cucumber/report.json, html:target/cucumber/report.html'The details are in the stack trace below:at io.cucumber.core.plugin.PluginFactory.createFileOutputStream(PluginFactory.java:240)at io.cucumber.core.plugin.PluginFactory.openStream(PluginFactory.java:199)at io.cucumber.core.plugin.PluginFactory.convert(PluginFactory.java:166)at io.cucumber.core.plugin.PluginFactory.instantiate(PluginFactory.java:99)at io.cucumber.core.plugin.PluginFactory.create(PluginFactory.java:63)at io.cucumber.core.plugin.Plugins.createPlugins(Plugins.java:32)at io.cucumber.core.plugin.Plugins.<init>(Plugins.java:25)at io.cucumber.testng.TestNGCucumberRunner.<init>(TestNGCucumberRunner.java:108)at io.cucumber.testng.AbstractTestNGCucumberTests.setUpClass(AbstractTestNGCucumberTests.java:27)at sun.reflect.NativeMethodAccessorImpl.invoke0(Native Method)at sun.reflect.NativeMethodAccessorImpl.invoke(NativeMethodAccessorImpl.java:62)at sun.reflect.DelegatingMethodAccessorImpl.invoke(DelegatingMethodAccessorImpl.java:43)at java.lang.reflect.Method.invoke(Method.java:498)at org.testng.internal.MethodInvocationHelper.invokeMethod(MethodInvocationHelper.java:124)at org.testng.internal.MethodInvocationHelper.invokeMethodConsideringTimeout(MethodInvocationHelper.java:59)at org.testng.internal.Invoker.invokeConfigurationMethod(Invoker.java:451)at org.testng.internal.Invoker.invokeConfigurations(Invoker.java:222)at org.testng.internal.Invoker.invokeConfigurations(Invoker.java:142)at org.testng.internal.TestMethodWorker.invokeBeforeClassMethods(TestMethodWorker.java:163)at org.testng.internal.TestMethodWorker.run(TestMethodWorker.java:105)at org.testng.TestRunner.privateRun(TestRunner.java:648)at org.testng.TestRunner.run(TestRunner.java:505)at org.testng.SuiteRunner.runTest(SuiteRunner.java:455)at org.testng.SuiteRunner.runSequentially(SuiteRunner.java:450)at org.testng.SuiteRunner.privateRun(SuiteRunner.java:415)at org.testng.SuiteRunner.run(SuiteRunner.java:364)at org.testng.SuiteRunnerWorker.runSuite(SuiteRunnerWorker.java:52)at org.testng.SuiteRunnerWorker.run(SuiteRunnerWorker.java:84)at org.testng.TestNG.runSuitesSequentially(TestNG.java:1187)at org.testng.TestNG.runSuitesLocally(TestNG.java:1116)at org.testng.TestNG.runSuites(TestNG.java:1028)at org.testng.TestNG.run(TestNG.java:996)at org.testng.remote.AbstractRemoteTestNG.run(AbstractRemoteTestNG.java:114)at org.testng.remote.RemoteTestNG.initAndRun(RemoteTestNG.java:251)at org.testng.remote.RemoteTestNG.main(RemoteTestNG.java:77)Caused by: java.io.FileNotFoundException: target (Access is denied)at java.io.FileOutputStream.open0(Native Method)at java.io.FileOutputStream.open(FileOutputStream.java:270)at java.io.FileOutputStream.<init>(FileOutputStream.java:213)at java.io.FileOutputStream.<init>(FileOutputStream.java:162)at io.cucumber.core.plugin.PluginFactory.createFileOutputStream(PluginFactory.java:237)... 34 more]]>
    </error>
  </testcase> <!-- setUpClass -->
</testsuite> <!-- com.runner.TestRunner -->
